<?xml version="1.0" encoding="UTF-8"?>
<testsuite xmlns:xsi="http://www.w3.org/2001/XMLSchema-instance" xsi:noNamespaceSchemaLocation="https://maven.apache.org/surefire/maven-surefire-plugin/xsd/surefire-test-report-3.0.xsd" version="3.0" name="com.svcbackend.SvcBackendApplicationTests" time="9.705" tests="1" errors="0" skipped="0" failures="0">
  <properties>
[...]
</properties>
  <testcase name="contextLoads" classname="com.svcbackend.SvcBackendApplicationTests" time="1.834">
    <system-out><![CDATA[20:23:49.897 [main] INFO org.springframework.test.context.support.AnnotationConfigContextLoaderUtils -- Could not detect default configuration classes for test class [com.svcbackend.SvcBackendApplicationTests]: SvcBackendApplicationTests does not declare any static, non-private, non-final, nested classes annotated with @Configuration.
20:23:50.174 [main] INFO org.springframework.boot.test.context.SpringBootTestContextBootstrapper -- Found @SpringBootConfiguration com.svcbackend.SvcBackendApplication for test class com.svcbackend.SvcBackendApplicationTests
Download Banner.txt

 ad88888ba   8b           d8   ,ad8888ba,
d8"     "8b  `8b         d8'  d8"'    `"8b
Y8,           `8b       d8'  d8'
`Y8aaaaa,      `8b     d8'   88
  `"""""8b,     `8b   d8'    88
        `8b      `8b d8'     Y8,
Y8a     a8P       `888'       Y8a.    .a8P
 "Y88888P"         `8'         `"Y8888Y"'

SVC WEB - 1.0.0


2024-12-30T20:23:51.179-05:00  INFO 10936 --- [svc-backend] [           main] c.svcbackend.SvcBackendApplicationTests  : Starting SvcBackendApplicationTests using Java 17.0.7 with PID 10936 (started by JHUVAEL in C:\PROJECTS\iacym\app\svc-backend)
2024-12-30T20:23:51.185-05:00  INFO 10936 --- [svc-backend] [           main] c.svcbackend.SvcBackendApplicationTests  : No active profile set, falling back to 1 default profile: "default"
2024-12-30T20:23:53.197-05:00  WARN 10936 --- [svc-backend] [           main] o.s.c.a.ConfigurationClassPostProcessor  : Cannot enhance @Configuration bean definition 'myBatisConfig' since its singleton instance has been created too early. The typical cause is a non-static @Bean method with a BeanDefinitionRegistryPostProcessor return type: Consider declaring such methods as 'static' and/or marking the containing configuration class as 'proxyBeanMethods=false'.
2024-12-30T20:23:56.345-05:00  WARN 10936 --- [svc-backend] [           main] .s.s.UserDetailsServiceAutoConfiguration : 

Using generated security password: be78c7e2-02e9-44e2-ba6f-0a82abeca504

This generated password is for development use only. Your security configuration must be updated before running your application in production.

2024-12-30T20:23:56.369-05:00  INFO 10936 --- [svc-backend] [           main] r$InitializeUserDetailsManagerConfigurer : Global AuthenticationManager configured with UserDetailsService bean with name inMemoryUserDetailsManager
2024-12-30T20:23:56.646-05:00 DEBUG 10936 --- [svc-backend] [           main] o.s.s.web.DefaultSecurityFilterChain     : Will secure any request with filters: DisableEncodeUrlFilter, WebAsyncManagerIntegrationFilter, SecurityContextHolderFilter, HeaderWriterFilter, CorsFilter, LogoutFilter, JwtAuthenticationFilter, RequestCacheAwareFilter, SecurityContextHolderAwareRequestFilter, AnonymousAuthenticationFilter, ExceptionTranslationFilter, AuthorizationFilter
2024-12-30T20:23:57.362-05:00  INFO 10936 --- [svc-backend] [           main] c.svcbackend.SvcBackendApplicationTests  : Started SvcBackendApplicationTests in 6.782 seconds (process running for 8.84)
]]></system-out>
  </testcase>
</testsuite>